2-pixcor/cr2606063.fit[1]
2-pixcor/cr2606077.fit[1]
2-pixcor/cr2606076.fit[1]
2-pixcor/cr2606062.fit[1]
2-pixcor/cr2606074.fit[1]
2-pixcor/cr2606060.fit[1]
2-pixcor/cr2606061.fit[1]
2-pixcor/cr2606075.fit[1]
2-pixcor/cr2606071.fit[1]
2-pixcor/cr2606065.fit[1]
2-pixcor/cr2606059.fit[1]
2-pixcor/cr2606058.fit[1]
2-pixcor/cr2606064.fit[1]
2-pixcor/cr2606070.fit[1]
2-pixcor/cr2606066.fit[1]
2-pixcor/cr2606072.fit[1]
2-pixcor/cr2606073.fit[1]
2-pixcor/cr2606067.fit[1]
2-pixcor/cr2606057.fit[1]
2-pixcor/cr2606069.fit[1]
2-pixcor/cr2606068.fit[1]