2-pixcor/cr2606000.fit[1]
2-pixcor/cr2606001.fit[1]
2-pixcor/cr2606003.fit[1]
2-pixcor/cr2606002.fit[1]
2-pixcor/cr2606012.fit[1]
2-pixcor/cr2606006.fit[1]
2-pixcor/cr2606007.fit[1]
2-pixcor/cr2606013.fit[1]
2-pixcor/cr2606005.fit[1]
2-pixcor/cr2606011.fit[1]
2-pixcor/cr2606010.fit[1]
2-pixcor/cr2606004.fit[1]
2-pixcor/cr2605998.fit[1]
2-pixcor/cr2605999.fit[1]
2-pixcor/cr2605993.fit[1]
2-pixcor/cr2605997.fit[1]
2-pixcor/cr2605996.fit[1]
2-pixcor/cr2605994.fit[1]
2-pixcor/cr2605995.fit[1]
2-pixcor/cr2606009.fit[1]
2-pixcor/cr2606008.fit[1]