2-pixcor/cr2606088.fit[1]
2-pixcor/cr2606089.fit[1]
2-pixcor/cr2606098.fit[1]
2-pixcor/cr2606081.fit[1]
2-pixcor/cr2606095.fit[1]
2-pixcor/cr2606094.fit[1]
2-pixcor/cr2606080.fit[1]
2-pixcor/cr2606096.fit[1]
2-pixcor/cr2606082.fit[1]
2-pixcor/cr2606083.fit[1]
2-pixcor/cr2606097.fit[1]
2-pixcor/cr2606093.fit[1]
2-pixcor/cr2606087.fit[1]
2-pixcor/cr2606078.fit[1]
2-pixcor/cr2606079.fit[1]
2-pixcor/cr2606086.fit[1]
2-pixcor/cr2606092.fit[1]
2-pixcor/cr2606084.fit[1]
2-pixcor/cr2606090.fit[1]
2-pixcor/cr2606091.fit[1]
2-pixcor/cr2606085.fit[1]