2-pixcor/cr2606039.fit[1]
2-pixcor/cr2606038.fit[1]
2-pixcor/cr2606048.fit[1]
2-pixcor/cr2606049.fit[1]
2-pixcor/cr2606042.fit[1]
2-pixcor/cr2606056.fit[1]
2-pixcor/cr2606043.fit[1]
2-pixcor/cr2606055.fit[1]
2-pixcor/cr2606041.fit[1]
2-pixcor/cr2606040.fit[1]
2-pixcor/cr2606054.fit[1]
2-pixcor/cr2606050.fit[1]
2-pixcor/cr2606044.fit[1]
2-pixcor/cr2606045.fit[1]
2-pixcor/cr2606051.fit[1]
2-pixcor/cr2606047.fit[1]
2-pixcor/cr2606053.fit[1]
2-pixcor/cr2606052.fit[1]
2-pixcor/cr2606046.fit[1]
2-pixcor/cr2606036.fit[1]
2-pixcor/cr2606037.fit[1]