2-pixcor/cr2606028.fit[1]
2-pixcor/cr2606015.fit[1]
2-pixcor/cr2606029.fit[1]
2-pixcor/cr2606017.fit[1]
2-pixcor/cr2606016.fit[1]
2-pixcor/cr2606021.fit[1]
2-pixcor/cr2606035.fit[1]
2-pixcor/cr2606034.fit[1]
2-pixcor/cr2606020.fit[1]
2-pixcor/cr2606022.fit[1]
2-pixcor/cr2606023.fit[1]
2-pixcor/cr2606033.fit[1]
2-pixcor/cr2606027.fit[1]
2-pixcor/cr2606026.fit[1]
2-pixcor/cr2606032.fit[1]
2-pixcor/cr2606024.fit[1]
2-pixcor/cr2606030.fit[1]
2-pixcor/cr2606018.fit[1]
2-pixcor/cr2606019.fit[1]
2-pixcor/cr2606031.fit[1]
2-pixcor/cr2606025.fit[1]