2-pixcor/cr2606117.fit[1]
2-pixcor/cr2606116.fit[1]
2-pixcor/cr2606114.fit[1]
2-pixcor/cr2606115.fit[1]
2-pixcor/cr2606111.fit[1]
2-pixcor/cr2606110.fit[1]
2-pixcor/cr2606112.fit[1]
2-pixcor/cr2606106.fit[1]
2-pixcor/cr2606107.fit[1]
2-pixcor/cr2606113.fit[1]
2-pixcor/cr2606122.fit[1]
2-pixcor/cr2606123.fit[1]
2-pixcor/cr2606109.fit[1]
2-pixcor/cr2606121.fit[1]
2-pixcor/cr2606120.fit[1]
2-pixcor/cr2606108.fit[1]
2-pixcor/cr2606124.fit[1]
2-pixcor/cr2606118.fit[1]
2-pixcor/cr2606119.fit[1]
2-pixcor/cr2606125.fit[1]
2-pixcor/cr2606126.fit[1]