#  These Arclamp Lines are Observed with NIRSPEC at High Spectral Resolution 
#     (R=25,000)
#
#  Data is organized by columns which list:
#    1. Wavelength (Angstroms in vacuum)
#    2. Lamp Species (Argon, Krypton, Xenon, or Neon)
#    3. Peak counts in 0.25s x 15 coadds (ADU)
#    4. Line ID reference.  If blank, then reference is from
#          National Institute of Standards and Technology (NIST)
#
#
#
9499.68  #	Xe	9000	
9508.39  #	Xe	1875	
9515.99  #	Xe	225000	
9587.77  #	Xe	6000	
9687.98  #	Xe	105000	
9703.65  #	Xe	7500	
9720.83  #	Xe	42000	
9802.38  #	Xe	525000	
9925.92  #	Xe	1080000	
9969.31  #	Xe	1500	
10026.47 #	Xe	39000	
10059.60 #	Xe	1500	
10060.72 #	Xe	2700	
10063.72 #	Xe	3750	
10087.55 #	Xe	16800	
10110.11 #	Xe	115500	
10128.25 #	Xe	15000	
10191.15 #	Xe	6750	
10253.88 #	Xe	19500	
10423.38 #	Xe	1500	
10487.70 #	Xe	7050	
10510.79 #	Xe	3300	
10518.03 #	Xe	15750	
10530.74 #	Xe	90000	
10552.65 #	Xe	150	
10709.71 #	Xe	39750	
10761.81 #	Xe	21000	
10841.31 #	Xe	1080000	
10898.31 #	Xe	60000	
11088.27 #	Xe	69000	
11130.24 #	Xe	5500	
11144.20 #	Xe	3000	
11165.73 #	Xe	1000	 
11312.66 #	Xe	300	
11418.17 #	Xe	950	
11494.37 #	Xe	700	
11745.45 #	Xe	16000	
11796.79 #	Xe	2550	
11860.56 #	Xe	1750	
11915.36 #	Xe	550	
11956.27 #	Xe	800	
12088.11 #	Xe	1300	
12238.59 #	Xe	2500	
12261.16 #	Xe	400	
12276.24 #	Xe	300	
12454.62 #	Xe	300	
12626.85 #	Xe	80000	
13335.5  #	Xe	1200	
13546.86 #	Xe	14000	
13660.21 #	Xe	120000	
13923.4  #	Xe	39000	
14132.0  #	Xe	700	
14145.96 #	Xe	51000	
14368.83 #	Xe	7900	
14388.71 #	Xe	500	
14663.85 #	Xe	2800	 
14736.41 #	Xe	210000	
14854.1  #	Xe	600	
15103.8  #	Xe	650	
15422.22 #	Xe	48700	
15495.2  #	Xe	550	
15561.4  #	Xe	1900	
15983.9  #	Xe	2950	
16044.3  #	Xe	1000	
16057.66 #	Xe	11900	ESO List
16559.0  #	Xe	1200	
16732.73 #	Xe	19600	
16750.30 #	Xe	250	
16887.69 #	Xe	600	
17330.53 #	Xe	13900	
17487.75 #	Xe	320	
20192.71 #	Xe	2500	
20267.77 #	Xe	56600	
20287.97 #	Xe	390	
20848.41 #	Xe	280	
20857.62 #	Xe	280	
21378.89 #	Xe	1240	
21475.96 #	Xe	8540	
22275.9  #	Xe	340	
22392.5  #	Xe	320	
22412.9  #	Xe	1000	
22624.5  #	Xe	700	
22884.08 #	Xe	240	ISAAC List
22971.1  #	Xe	390	
23079.8  #	Xe	300	
23198    #	Xe	38850	
23259.1  #	Xe	520	
23285.9  #	Xe	1740	
23803.0  #	Xe	510	
24450.3  #	Xe	1660	
24709.0  #	Xe	570	
24832.2  #	Xe	47600	
25152.8  #	Xe	1700	
25166.3  #	Xe	1000	
25419.7  #	Xe	390	
26027.8  #	Xe	240	
26050.6  #	Xe	320	
26275.9  #	Xe	23500	
